"MLA762552701"
"MLA748128128"
"MLA750342376"
"MLA820546239"
"MLA750095615"
"MLA820542423"
"MLA820582439"
"MLA814696877"
"MLA739020338"
"MLA814698056"
"MLA814696708"
"MLA748106563"
"MLA749249904"
"MLA770711294"
"MLA814696660"
"MLA821328514"
"MLA816324546"
"MLA814697069"
"MLA750171562"
"MLA814696946"
"MLA755666186"
"MLA694570653"
"MLA820350829"
"MLA814697255"
"MLA750105460"
"MLA759476942"
"MLA812070394"
"MLA755666188"
"MLA762587892"
"MLA818033750"
"MLA764715477"
"MLA724168489"
"MLA821329221"
"MLA814696882"
"MLA814696409"
"MLA743200900"
"MLA814697234"
"MLA812069542"
"MLA752502673"
"MLA680607689"
"MLA671681399"
"MLA814696962"
"MLA821224228"
"MLA671680923"
"MLA767717321"
"MLA814696714"
"MLA814696945"
"MLA748121443"
"MLA749774513"
"MLA760382818"
"Aire Acondicionado Split Inverter Frio Calor Philco 3000"
"Tv Led Smart 50 Full Hd  Sharp Sh5016mfi"
"Hidrolavadora Philco Mjphi116 1400w"
"Aire Acondicionado Split Frio Calor Atma 3000"
"Aire Acondicionado Split Frio Calor Gree 6000"
"Aire Acondicionado Split Frio Calor Sansei 2500"
"Aire Acondicionado Split Frio Solo Philco 2500"
"Moto G7 Celular Libre Envío Gratis"
"Aire Acondicionado Split Inverter Frio Calor Noblex 3000"
"Celular Libre Motorola One Vision Envio Gratis"
"Celular Libre Motorola One Action"
"Tv Led Smart 43 Full Hd Sharp Sh4316mfi"
"Aire Acondicionado Portátil Frio Calor Sansei 3000 Frig"
"Aire Acondicionado Split Frio Solo Philco 6000"
"Batidora Planetaria Gris 1200w Atma Bp8755e"
"Bicicleta Mountain Bike Fierce Rodado 29 21 Velocidad Cuotas"
"Aire Acondicionado Split Frio Calor Philco 5000"
"Horno De Pan Frutas Y Nueces Atma Hp4060e Envío Gratis"
"Taladro Percutor Philco Meptp126 710w"
"Ventilador De Pie 20  Hélice Metalica Con Control Remoto"
"Aire Acondicionado Techo Inverter Lg 9000 Fr (3tr) F/c 220v"
"Aire Acondicionado Split Inverter Frio Calor Philco 3000"
"Aire Acondicionado Split Frio Solo Sanyo 3000"
"Ventilador De Pie 16'' 60w Atma 3vel Con Control Remoto"
"Aire Acondicionado Split Frio Calor Sanyo 6000"
"Motosierra Philco 52cc Mjpmo217 "
"Tv Led 24 Hd Noblex Digital Ee24x4000"
"Aire Acondicionado Techo Inverter Lg 15000 Fr (5tr) F/c 380v"
"Licuadora Personal Mixer Bottle Atma Procook Lip8418n 240w"
"Hidrolavadora Philco Mjphi117 1400w"
"Aire Acondicionado Portátil Frio Calor Philco 3000"
"Tv Monitor Lg 24'' 24mt49df Tda Hdmi Vga Audio Stereo "
"Bicicleta Mountain Bike Fierce Rodado 26 21 Velocidad Cuotas"
"Celular Libre Moto G7 Plus Single Sim Envío Gratis"
"Celular Libre Moto E5 Play "
"Depiladora Braun Silk Epil 9 Wet&dry Se9521"
"Ventilador Turbo 16'' 70w Atma Vta1615b"
"Tv Led Hd 32 Philco Pld32hd8b"
"Set De Afeitado Multifunción Braun 9 En 1 Braun Mgk3080"
"Notebook Touch 360 Noblex 32gb 2gb Ram Y11w101"
"Extractor De Jugo Frutas Verduras 800w Acero Atma Ex8245n"
"Ventilador De Pared Industrial 26'' 180w Philco Vtis6616e"
"Bicicleta Mountain Bike Fierce Rodado 29 21 Velocidades"
"Extractor De Jugo Fruta Y Verdura Atma Ex8235n Envío Gratis"
"Waflera Vertical Cuisinart Waf-v100 800w"
"Ventilador De Pie 16'' Atma Vpa1615x"
"Ventilador De Pie Industrial 30'' 200w Philco Vpis7616e"
"Tv Led Smart 4k 43 Noblex Di43x6500"
"Microondas Digital Grill 28l Sanyo Emgx2814"
"Set De Afeitado Multifunción Braun 9 En 1 Braun Mgk3080"
"MLA1644"
"MLA1002"
"MLA30840"
"MLA1644"
"MLA1644"
"MLA1644"
"MLA1644"
"MLA1055"
"MLA1644"
"MLA1055"
"MLA1055"
"MLA1002"
"MLA1644"
"MLA1644"
"MLA10085"
"MLA6143"
"MLA1644"
"MLA126140"
"MLA5232"
"MLA1645"
"MLA1644"
"MLA1644"
"MLA1644"
"MLA1645"
"MLA1644"
"MLA373523"
"MLA1002"
"MLA1644"
"MLA104680"
"MLA30840"
"MLA1644"
"MLA1002"
"MLA6143"
"MLA1055"
"MLA1055"
"MLA4606"
"MLA1645"
"MLA1002"
"MLA4599"
"MLA1652"
"MLA74278"
"MLA1645"
"MLA6143"
"MLA74278"
"MLA409403"
"MLA1645"
"MLA1645"
"MLA1002"
"MLA1577"
"MLA5411"
